2025-06-03 11:52:10,133 - 🔵 AUREON CORE DIRECTOR aktiviert.
2025-06-03 11:52:11,141 - Systemstatus: CPU=0.1% RAM=7.3% DISK=2.1%
2025-06-03 11:52:11,142 - System im stabilen Zustand. Kein Eingriff nötig.
2025-06-03 11:52:58,939 - 🟥 Manueller Abbruch durch Benutzer.
2025-06-03 11:57:35,985 - Kein Mikrofon verfügbar – wechsle in Textmodus.
2025-06-03 11:57:47,136 - Systemstatus: CPU=0.0% RAM=7.5% DISK=2.1%
2025-06-03 11:57:47,534 - Führe Aufgabe aus: update
2025-06-03 11:57:49,060 - System wurde geupdatet.
2025-06-03 11:57:49,412 - Führe Aufgabe aus: cleanup
2025-06-03 11:57:50,402 - Cleanup abgeschlossen.
2025-06-03 12:33:12,971 - 🔵 AUREON CORE DIRECTOR aktiviert.
2025-06-03 12:33:13,980 - Systemstatus: CPU=0.5% RAM=8.6% DISK=2.1%
2025-06-03 12:33:13,980 - System im stabilen Zustand. Kein Eingriff nötig.
2025-06-03 12:33:20,925 - 🟥 Manueller Abbruch durch Benutzer.
2025-06-03 12:36:34,622 - 🔵 AUREON CORE DIRECTOR aktiviert.
2025-06-03 12:36:35,632 - Systemstatus: CPU=0.0% RAM=9.0% DISK=2.1%
2025-06-03 12:36:35,632 - System im stabilen Zustand. Kein Eingriff nötig.
2025-06-03 12:39:00,342 - 🔵 AUREON CORE DIRECTOR aktiviert.
2025-06-03 12:39:01,344 - Systemstatus: CPU=0.3% RAM=9.7% DISK=2.1%
2025-06-03 12:39:01,344 - System im stabilen Zustand. Kein Eingriff nötig.
2025-06-03 12:58:49,131 - 🔵 AUREON CORE DIRECTOR aktiviert.
2025-06-03 12:58:50,134 - Systemstatus: CPU=0.2% RAM=11.2% DISK=2.1%
2025-06-03 12:58:50,134 - System im stabilen Zustand. Kein Eingriff nötig.
2025-06-03 13:01:29,280 - 🔵 AUREON CORE DIRECTOR aktiviert.
2025-06-03 13:01:30,282 - Systemstatus: CPU=0.8% RAM=11.5% DISK=2.1%
2025-06-03 13:01:30,282 - System im stabilen Zustand. Kein Eingriff nötig.
2025-06-03 13:01:59,443 - 🔵 AUREON CORE DIRECTOR aktiviert.
2025-06-03 13:02:00,445 - Systemstatus: CPU=1.0% RAM=11.9% DISK=2.1%
2025-06-03 13:02:00,445 - System im stabilen Zustand. Kein Eingriff nötig.
2025-06-03 13:02:03,386 - 🔵 AUREON CORE DIRECTOR aktiviert.
2025-06-03 13:02:04,389 - Systemstatus: CPU=0.3% RAM=12.0% DISK=2.1%
2025-06-03 13:02:04,389 - System im stabilen Zustand. Kein Eingriff nötig.
2025-06-03 13:03:50,983 - 🔵 AUREON CORE DIRECTOR aktiviert.
2025-06-03 13:03:51,985 - Systemstatus: CPU=0.0% RAM=11.7% DISK=2.1%
2025-06-03 13:03:51,986 - System im stabilen Zustand. Kein Eingriff nötig.
2025-06-03 13:04:10,713 - 🔵 AUREON CORE DIRECTOR aktiviert.
2025-06-03 13:04:11,715 - Systemstatus: CPU=0.0% RAM=12.5% DISK=2.1%
2025-06-03 13:04:11,715 - System im stabilen Zustand. Kein Eingriff nötig.
2025-06-03 13:04:12,717 - 🔵 AUREON CORE DIRECTOR aktiviert.
2025-06-03 13:04:12,895 - 🔵 AUREON CORE DIRECTOR aktiviert.
2025-06-03 13:04:13,718 - Systemstatus: CPU=1.8% RAM=12.6% DISK=2.1%
2025-06-03 13:04:13,718 - System im stabilen Zustand. Kein Eingriff nötig.
2025-06-03 13:04:13,896 - Systemstatus: CPU=0.9% RAM=12.6% DISK=2.1%
2025-06-03 13:04:13,896 - System im stabilen Zustand. Kein Eingriff nötig.
2025-06-03 13:10:24,657 - 🔵 AUREON CORE DIRECTOR aktiviert.
2025-06-03 13:10:25,658 - Systemstatus: CPU=0.4% RAM=12.9% DISK=2.1%
2025-06-03 13:10:25,658 - System im stabilen Zustand. Kein Eingriff nötig.
2025-06-03 13:16:34,793 - 🔵 AUREON CORE DIRECTOR aktiviert.
2025-06-03 13:16:35,795 - Systemstatus: CPU=0.3% RAM=13.2% DISK=2.1%
2025-06-03 13:16:35,795 - System im stabilen Zustand. Kein Eingriff nötig.
